<?xml version="1.0" encoding="utf-8"?><testsuites name="pytest tests"><testsuite name="pytest" errors="0" failures="0" skipped="0" tests="224" time="150.454" timestamp="2026-07-06T22:37:41.490736-04:00" hostname="DohmBoy64"><testcase classname="tests.assembly.test_annotation_materialize" name="test_byte_form_is_exact_native_compatibility_output" time="0.001" /><testcase classname="tests.assembly.test_annotation_materialize" name="test_annotation_is_idempotent_and_keeps_bytes" time="0.089" /><testcase classname="tests.assembly.test_annotation_materialize" name="test_x86_external_and_local_calls_roundtrip_exactly" time="0.285" /><testcase classname="tests.assembly.test_annotation_materialize" name="test_x64_rip_relative_data_reference_roundtrips" time="0.127" /><testcase classname="tests.assembly.test_annotation_materialize" name="test_noncanonical_instruction_falls_back_per_instruction" time="0.198" /><testcase classname="tests.assembly.test_annotation_materialize" name="test_unknown_target_uses_byte_fallback_without_false_claim" time="0.117" /><testcase classname="tests.assembly.test_annotation_materialize" name="test_verify_existing_source_reports_exact_and_mismatch" time="0.191" /><testcase classname="tests.assembly.test_annotation_materialize" name="test_undecodable_tail_uses_complete_byte_form_fallback" time="0.127" /><testcase classname="tests.assembly.test_helpers_and_relocations" name="test_assembly_cli_json_integer_and_error_helpers" time="0.005" /><testcase classname="tests.assembly.test_helpers_and_relocations" name="test_symbol_address_error_and_render_helpers" time="0.001" /><testcase classname="tests.assembly.test_helpers_and_relocations" name="test_relocation_inspection_paths" time="0.126" /><testcase classname="tests.assembly.test_pipeline_cli_schemas" name="test_pipeline_all_three_formats_and_durable_reports" time="0.699" /><testcase classname="tests.assembly.test_pipeline_cli_schemas" name="test_assembly_project_cli_and_all_leaf_help" time="0.385" /><testcase classname="tests.assembly.test_pipeline_cli_schemas" name="test_main_cli_exposes_assembly_capabilities" time="7.898" /><testcase classname="tests.assembly.test_pipeline_cli_schemas" name="test_assembly_schemas_and_symbol_map_contracts" time="0.036" /><testcase classname="tests.assembly.test_pipeline_cli_schemas" name="test_store_keeps_all_prior_schema_layers" time="0.367" /><testcase classname="tests.assembly.test_pipeline_cli_schemas" name="test_pipeline_persists_relocation_evidence" time="0.572" /><testcase classname="tests.assembly.test_pipeline_cli_schemas" name="test_hybrid_generate_keeps_bytes_default_and_allows_explicit_modes" time="0.217" /><testcase classname="tests.assembly.test_pipeline_cli_schemas" name="test_failed_batch_is_recorded_durably" time="0.288" /><testcase classname="tests.governance.test_core" name="test_store_is_additive_and_audit_chain" time="0.134" /><testcase classname="tests.governance.test_core" name="test_audit_tamper_detected" time="0.124" /><testcase classname="tests.governance.test_core" name="test_hypothesis_gate_and_accept" time="0.198" /><testcase classname="tests.governance.test_core" name="test_hypothesis_contradiction_blocks_acceptance" time="0.173" /><testcase classname="tests.governance.test_core" name="test_hypothesis_dependency_cycle_rejected" time="0.188" /><testcase classname="tests.governance.test_core" name="test_campaign_lifecycle_and_planner" time="0.243" /><testcase classname="tests.governance.test_core" name="test_campaign_budget_blocks" time="0.172" /><testcase classname="tests.governance.test_core" name="test_campaign_branch" time="0.133" /><testcase classname="tests.governance.test_core" name="test_candidate_branch_compare_and_promotion" time="0.201" /><testcase classname="tests.governance.test_core" name="test_candidate_rejects_traversal" time="0.110" /><testcase classname="tests.governance.test_core" name="test_ddmin_and_counterexample_promotion" time="0.150" /><testcase classname="tests.governance.test_core" name="test_consensus_conflict_and_resolution" time="0.153" /><testcase classname="tests.governance.test_core" name="test_graph_impact" time="0.163" /><testcase classname="tests.governance.test_core" name="test_review_lock_resists_automation" time="0.134" /><testcase classname="tests.governance.test_core" name="test_family_correlation_is_bounded" time="0.188" /><testcase classname="tests.governance.test_core" name="test_remaining_public_list_snapshot_and_review_paths" time="0.282" /><testcase classname="tests.governance.test_core" name="test_family_report_path" time="0.214" /><testcase classname="tests.governance.test_governance_cli_schemas" name="test_every_governance_schema_meta_validates" time="0.070" /><testcase classname="tests.governance.test_governance_cli_schemas" name="test_governance_cli_help_and_init" time="0.151" /><testcase classname="tests.governance.test_governance_cli_schemas" name="test_governance_cli_hypothesis_flow" time="0.193" /><testcase classname="tests.governance.test_governance_cli_schemas" name="test_contract_helpers_and_cli_json_arg" time="0.021" /><testcase classname="tests.governance.test_governance_cli_schemas" name="test_all_governance_leaf_commands_parse_help" time="0.036" /><testcase classname="tests.governance.test_proof_plugin_worker" name="test_proof_ledger_and_bundle" time="0.160" /><testcase classname="tests.governance.test_proof_plugin_worker" name="test_proof_bundle_rejects_outside_artifact" time="0.109" /><testcase classname="tests.governance.test_proof_plugin_worker" name="test_plugin_install_doctor_invoke" time="0.211" /><testcase classname="tests.governance.test_proof_plugin_worker" name="test_plugin_rejects_undeclared_capability" time="0.136" /><testcase classname="tests.governance.test_proof_plugin_worker" name="test_worker_registry_selection_and_doctor" time="0.139" /><testcase classname="tests.governance.test_proof_plugin_worker" name="test_changeset_round_trip" time="0.258" /><testcase classname="tests.governance.test_proof_plugin_worker" name="test_changeset_base_mismatch" time="0.281" /><testcase classname="tests.governance.test_proof_plugin_worker" name="test_plugin_list_and_proof_inspect" time="0.255" /><testcase classname="tests.governance.test_worker_thread_safety" name="test_worker_uses_exec_wrapper_without_thread_unsafe_preexec" time="0.039" /><testcase classname="tests.governance.test_worker_thread_safety" name="test_legacy_preexec_compatibility_callback_is_executable" time="0.001" /><testcase classname="tests.native.test_cli_schemas" name="test_native_project_init_and_all_leaf_help" time="0.325" /><testcase classname="tests.native.test_cli_schemas" name="test_main_cli_exposes_native_capabilities" time="8.426" /><testcase classname="tests.native.test_cli_schemas" name="test_native_schemas_meta_validate" time="0.042" /><testcase classname="tests.native.test_cli_schemas" name="test_native_store_keeps_all_prior_schema_layers" time="0.257" /><testcase classname="tests.native.test_inventory_and_loops" name="test_native_cli_json_helpers" time="0.014" /><testcase classname="tests.native.test_inventory_and_loops" name="test_project_inventory_audit_pe_inventory_reports_and_doctor" time="0.463" /><testcase classname="tests.native.test_inventory_and_loops" name="test_native_list_and_verify_paths" time="0.484" /><testcase classname="tests.native.test_pe_hybrid" name="test_safe_patch_and_text_swap_preserve_pe_container" time="0.254" /><testcase classname="tests.native.test_pe_hybrid" name="test_section_export_and_synthetic_coff_for_pe32_and_pe64" time="0.477" /><testcase classname="tests.native.test_pe_hybrid" name="test_hybrid_composer_promotes_only_verified_candidates" time="0.314" /><testcase classname="tests.native.test_pe_hybrid" name="test_hybrid_composer_rejects_candidate_changed_after_match" time="0.289" /><testcase classname="tests.native.test_slots_matching" name="test_slot_audit_classifies_exact_padding_and_overlap" time="0.247" /><testcase classname="tests.native.test_slots_matching" name="test_padding_comparison_is_tail_only_and_protected_aware" time="0.001" /><testcase classname="tests.native.test_slots_matching" name="test_batch_matching_records_safe_and_fallback" time="0.238" /><testcase classname="tests.native.test_slots_matching" name="test_short_candidate_requires_padding_only_remainder" time="0.328" /><testcase classname="tests.native.test_staging_loop_runtime_windows" name="test_staging_context_resolution_and_compile_check" time="0.354" /><testcase classname="tests.native.test_staging_loop_runtime_windows" name="test_closed_loop_requires_consent_and_records_verified_result" time="0.341" /><testcase classname="tests.native.test_staging_loop_runtime_windows" name="test_runtime_static_validation_and_crash_mapping" time="0.283" /><testcase classname="tests.native.test_staging_loop_runtime_windows" name="test_windows_launcher_prefers_batch_on_windows_and_response_files" time="0.007" /><testcase classname="tests.reconstruction.test_capsules_security_changesets" name="test_capsule_is_deterministic_verifiable_and_reproducible" time="0.250" /><testcase classname="tests.reconstruction.test_capsules_security_changesets" name="test_library_recognition_never_silently_replaces_code" time="0.209" /><testcase classname="tests.reconstruction.test_capsules_security_changesets" name="test_security_scan_reports_without_modifying_behavior" time="0.210" /><testcase classname="tests.reconstruction.test_capsules_security_changesets" name="test_semantic_changesets_detect_conflicts_and_verify_clean_merges" time="0.293" /><testcase classname="tests.reconstruction.test_cli_schemas_retention" name="test_reconstruction_json_argument_validation" time="0.001" /><testcase classname="tests.reconstruction.test_cli_schemas_retention" name="test_reconstruction_cli_has_complete_project_scale_surface" time="0.337" /><testcase classname="tests.reconstruction.test_cli_schemas_retention" name="test_every_reconstruction_leaf_command_parses_help" time="0.054" /><testcase classname="tests.reconstruction.test_cli_schemas_retention" name="test_main_cli_exposes_reconstruction_capabilities" time="9.757" /><testcase classname="tests.reconstruction.test_cli_schemas_retention" name="test_all_reconstruction_schemas_are_meta_valid" time="0.066" /><testcase classname="tests.reconstruction.test_cli_schemas_retention" name="test_governance_capabilities_are_in_the_unified_catalog" time="5.085" /><testcase classname="tests.reconstruction.test_decomp_acceleration" name="test_llm_job_create_and_range" time="0.060" /><testcase classname="tests.reconstruction.test_decomp_acceleration" name="test_source_map_and_candidate_promotion" time="0.033" /><testcase classname="tests.reconstruction.test_decomp_acceleration" name="test_planning_helpers" time="0.023" /><testcase classname="tests.reconstruction.test_project_headers_builds" name="test_store_is_additive_and_layout_is_evidence_labeled" time="0.360" /><testcase classname="tests.reconstruction.test_project_headers_builds" name="test_headers_reject_cycles_and_generate_compileable_shape" time="0.269" /><testcase classname="tests.reconstruction.test_project_headers_builds" name="test_historical_and_portable_build_modes_remain_distinct" time="0.317" /><testcase classname="tests.reconstruction.test_provenance_abi_tests" name="test_provenance_round_trip_edit_reconciliation_and_locks" time="0.256" /><testcase classname="tests.reconstruction.test_provenance_abi_tests" name="test_abi_contract_verification_comparison_and_explicit_shim" time="0.258" /><testcase classname="tests.reconstruction.test_provenance_abi_tests" name="test_generated_tests_are_evidence_bound_and_counterexamples_promote" time="0.286" /><testcase classname="tests.reconstruction.test_real_project_acceleration" name="test_universal_function_pattern_and_text_swap" time="0.132" /><testcase classname="tests.reconstruction.test_real_project_acceleration" name="test_project_health_hygiene_runtime_and_policy" time="0.037" /><testcase classname="tests.reconstruction.test_real_project_acceleration" name="test_toolchain_rules_and_cleanup" time="0.071" /><testcase classname="tests.test_abi_disassembly" name="test_stdcall_ret_cleanup" time="0.003" /><testcase classname="tests.test_artifacts.ArtifactTests" name="test_import_and_verify" time="0.028" /><testcase classname="tests.test_artifacts.ArtifactTests" name="test_integrity_path_escape_is_rejected" time="0.025" /><testcase classname="tests.test_audit_fixes" name="test_optional_toolkit_extras_are_adapter_optional" time="0.002" /><testcase classname="tests.test_audit_fixes" name="test_service_index_uses_text_content_not_inner_html" time="0.781" /><testcase classname="tests.test_audit_fixes" name="test_store_decode_json_fields_shared_helper" time="0.001" /><testcase classname="tests.test_audit_fixes" name="test_batch_create_records_secondary_manifest_id_errors" time="0.009" /><testcase classname="tests.test_audit_fixes" name="test_no_template_docstring_phrases_remain" time="1.245" /><testcase classname="tests.test_coff" name="test_synthetic_coff_round_trip" time="0.001" /><testcase classname="tests.test_coff" name="test_synthetic_coff_relocation" time="0.001" /><testcase classname="tests.test_coff_archive" name="test_real_coff_archive_members_symbols_and_comdat" time="0.250" /><testcase classname="tests.test_coff_archive" name="test_static_library_is_inspected_in_safe_bundle" time="0.127" /><testcase classname="tests.test_coff_archive" name="test_real_import_library_records" time="0.123" /><testcase classname="tests.test_compiler.CompilerTests" name="test_compile_i386_object" time="0.400" /><testcase classname="tests.test_decompme_objdiff" name="test_create_local_decompme_packet" time="0.056" /><testcase classname="tests.test_decompme_objdiff" name="test_manifest_driven_objdiff_adapter" time="0.079" /><testcase classname="tests.test_diffing.DiffingTests" name="test_equal" time="0.001" /><testcase classname="tests.test_diffing.DiffingTests" name="test_mismatch" time="0.001" /><testcase classname="tests.test_docstring_audit" name="test_every_python_symbol_has_a_docstring" time="1.183" /><testcase classname="tests.test_docstring_audit" name="test_docstring_audit_report_matches_current_release" time="0.001" /><testcase classname="tests.test_docstring_audit" name="test_command_reference_matches_canonical_surface" time="4.843" /><testcase classname="tests.test_documentation" name="test_release_documents_and_maps_are_current" time="0.006" /><testcase classname="tests.test_documentation" name="test_test_plan_counts_match_feature_catalog" time="0.003" /><testcase classname="tests.test_documentation" name="test_four_architecture_artifacts_exist_and_cross_link" time="0.002" /><testcase classname="tests.test_dynamic_symbolic" name="test_dynamic_equivalence_and_difference" time="0.107" /><testcase classname="tests.test_dynamic_symbolic" name="test_symbolic_bounded_equivalence" time="0.122" /><testcase classname="tests.test_dynamorio" name="test_parse_drcov_text" time="0.016" /><testcase classname="tests.test_dynamorio" name="test_angr_backend_has_explicit_optional_dependency_error" time="4.635" /><testcase classname="tests.test_evidence.EvidenceTests" name="test_same_group_does_not_verify" time="0.197" /><testcase classname="tests.test_evidence.EvidenceTests" name="test_three_independent_sources_verify_claim" time="0.072" /><testcase classname="tests.test_ghidra.GhidraCommandTests" name="test_build_export_command_is_argument_array" time="0.008" /><testcase classname="tests.test_integration" name="test_integration_requires_explicit_host_consent" time="0.011" /><testcase classname="tests.test_integration" name="test_integration_equivalence_and_difference" time="0.259" /><testcase classname="tests.test_linker_metadata_corpus" name="test_bigobj_and_comdat_resolution" time="0.002" /><testcase classname="tests.test_linker_metadata_corpus" name="test_map_parser_and_layout_reconstruction" time="0.012" /><testcase classname="tests.test_linker_metadata_corpus" name="test_target_specific_image_normalization" time="0.019" /><testcase classname="tests.test_linker_metadata_corpus" name="test_msvc_rtti_unwind_and_static_initializer_recovery" time="0.186" /><testcase classname="tests.test_linker_metadata_corpus" name="test_compiler_ground_truth_corpus" time="0.256" /><testcase classname="tests.test_linker_metadata_corpus" name="test_symbolic_memory_alias_model" time="4.725" /><testcase classname="tests.test_linker_metadata_corpus" name="test_real_clang_weak_external_and_tls_coff" time="0.302" /><testcase classname="tests.test_linker_metadata_corpus" name="test_builtin_corpus_manifest_is_expanded_and_sources_compile" time="0.067" /><testcase classname="tests.test_linker_metadata_corpus" name="test_ground_truth_cross_report_comparison" time="0.025" /><testcase classname="tests.test_linker_metadata_corpus" name="test_image_profile_can_explicitly_normalize_debug_records" time="0.211" /><testcase classname="tests.test_local_llm" name="test_provider_profiles_and_loopback_policy" time="0.021" /><testcase classname="tests.test_local_llm" name="test_prompt_is_deterministic_and_marks_injected_evidence_untrusted" time="0.025" /><testcase classname="tests.test_local_llm" name="test_openai_generation_and_structured_output_fallback" time="0.608" /><testcase classname="tests.test_local_llm" name="test_ollama_probe_accepts_latest_tag_only_for_ollama" time="1.113" /><testcase classname="tests.test_local_llm" name="test_same_origin_redirect_rejects_cross_origin" time="1.024" /><testcase classname="tests.test_local_llm" name="test_exact_byte_match_loop_and_tamper_detection" time="1.054" /><testcase classname="tests.test_local_llm" name="test_candidate_contract_rejects_inline_assembly_and_multiple_functions" time="0.004" /><testcase classname="tests.test_local_llm" name="test_local_llm_helper_bodies_are_exercised" time="0.020" /><testcase classname="tests.test_mcp" name="test_stdio_mcp_and_mutation_journal" time="0.104" /><testcase classname="tests.test_memory.MemoryTests" name="test_hash_chain" time="0.032" /><testcase classname="tests.test_memory.MemoryTests" name="test_tamper_detection" time="0.024" /><testcase classname="tests.test_modes_and_db" name="test_independent_modes_and_monotonic_state" time="0.267" /><testcase classname="tests.test_modes_and_db" name="test_type_constraint_conflict_gate" time="0.080" /><testcase classname="tests.test_pdb" name="test_invalid_pdb_is_rejected" time="0.002" /><testcase classname="tests.test_pdb" name="test_real_lld_pdb_inventory_identity_and_bundle" time="0.321" /><testcase classname="tests.test_pe32.PE32Tests" name="test_parse_minimal_i386_image" time="0.005" /><testcase classname="tests.test_pe32.PE32Tests" name="test_reject_non_pe" time="0.003" /><testcase classname="tests.test_pe64_patch_hybrid" name="test_pe64_project" time="0.212" /><testcase classname="tests.test_pe64_patch_hybrid" name="test_patch_image" time="0.010" /><testcase classname="tests.test_pe64_patch_hybrid" name="test_hybrid_project_builds_assembly_objects" time="0.551" /><testcase classname="tests.test_production" name="test_content_store_roundtrip_and_gc" time="0.091" /><testcase classname="tests.test_production" name="test_worker_executes_bounded_command_and_hashes_outputs" time="0.103" /><testcase classname="tests.test_production" name="test_target_pack_auto_template_and_project" time="0.328" /><testcase classname="tests.test_production" name="test_project_migration_backup_restore_repair_and_gc" time="0.393" /><testcase classname="tests.test_production" name="test_orchestrator_resume_failure_retry_and_cancel" time="0.604" /><testcase classname="tests.test_production" name="test_compiler_worker_uses_real_subprocess_contract" time="3.003" /><testcase classname="tests.test_production" name="test_harness_generation_is_deterministic_and_explicit" time="0.005" /><testcase classname="tests.test_production" name="test_convergence_and_history" time="0.043" /><testcase classname="tests.test_production" name="test_linker_reconstruction_plan_is_evidence_limited" time="0.030" /><testcase classname="tests.test_production" name="test_cpp_recovery_empty_metadata_is_truthful" time="0.005" /><testcase classname="tests.test_production" name="test_reproduction_and_security_reports" time="5.524" /><testcase classname="tests.test_production" name="test_generated_template_is_grounded_and_executable" time="2.933" /><testcase classname="tests.test_production" name="test_orchestrator_materializes_and_revalidates_outputs" time="0.464" /><testcase classname="tests.test_production" name="test_extended_symbolic_conditions_adc_sbb_setcc_cmovcc" time="0.024" /><testcase classname="tests.test_production" name="test_service_snapshot_exposes_control_plane" time="0.232" /><testcase classname="tests.test_production" name="test_project_backup_is_deterministic" time="0.316" /><testcase classname="tests.test_production" name="test_active_pipeline_cancellation_is_observed" time="0.542" /><testcase classname="tests.test_production" name="test_dependency_audit_adapter_parsing" time="0.068" /><testcase classname="tests.test_production" name="test_pipeline_stale_heartbeat_recovery" time="0.247" /><testcase classname="tests.test_production" name="test_release_gate_is_explicit_and_truth_scoped" time="0.343" /><testcase classname="tests.test_production" name="test_synthetic_corpus_generation_is_reproducible_and_hash_checked" time="0.274" /><testcase classname="tests.test_production" name="test_target_decisions_example_preserves_unknowns" time="0.001" /><testcase classname="tests.test_project.ProjectTests" name="test_detect_binary_tampering" time="0.226" /><testcase classname="tests.test_project.ProjectTests" name="test_initialize_and_verify" time="0.205" /><testcase classname="tests.test_release_contract" name="test_current_command_and_schema_contract" time="4.520" /><testcase classname="tests.test_release_contract" name="test_schema_project_and_function_documents_remain_valid" time="0.003" /><testcase classname="tests.test_release_contract" name="test_ground_truth_sources_are_packaged_and_in_sync" time="0.011" /><testcase classname="tests.test_release_contract" name="test_current_public_surface_contract" time="4.865" /><testcase classname="tests.test_release_contract" name="test_exact_recursive_feature_catalog_matches_current_tree" time="3.226" /><testcase classname="tests.test_release_contract" name="test_repository_contains_only_the_current_release_contract" time="12.178" /><testcase classname="tests.test_release_contract" name="test_no_placeholder_implementations_in_current_python_sources" time="1.172" /><testcase classname="tests.test_release_contract" name="test_deterministic_source_hash_tool_detects_drift" time="0.067" /><testcase classname="tests.test_release_contract" name="test_flat_compatibility_aliases_are_explicit" time="4.450" /><testcase classname="tests.test_relink" name="test_manifest_driven_full_relink" time="0.139" /><testcase classname="tests.test_second_audit_fixes" name="test_root_plugin_validate_returns_json_without_name_error" time="2.597" /><testcase classname="tests.test_second_audit_fixes" name="test_root_llm_prompt_writes_prompt_file" time="2.188" /><testcase classname="tests.test_second_audit_fixes" name="test_root_llm_generate_report_writes_report_file" time="2.648" /><testcase classname="tests.test_second_audit_fixes" name="test_root_llm_cpp_generate_report_writes_report_file" time="2.835" /><testcase classname="tests.test_second_audit_fixes" name="test_reconstruction_cli_error_handler_emits_json" time="0.243" /><testcase classname="tests.test_second_audit_fixes" name="test_validate_contracts_missing_javalang_message" time="0.004" /><testcase classname="tests.test_second_audit_fixes" name="test_plan_only_command_help_is_explicit" time="0.100" /><testcase classname="tests.test_test_bundle" name="test_static_test_bundle_inspection" time="0.034" /><testcase classname="tests.test_test_bundle" name="test_test_bundle_hash_is_enforced" time="0.030" /><testcase classname="tests.test_test_bundle" name="test_test_bundle_rejects_path_traversal" time="0.018" /><testcase classname="tests.test_test_bundle" name="test_test_bundle_requires_authorization" time="0.022" /><testcase classname="tests.test_test_bundle" name="test_create_test_bundle_round_trip" time="0.035" /><testcase classname="tests.test_workqueue" name="test_work_queue_requires_validators" time="0.088" /><testcase classname="test-suite.src.x86decomp_testkit.toolkit_tests.test_public_api_contract" name="test_unified_canonical_entry_point" time="9.495" /><testcase classname="test-suite.src.x86decomp_testkit.toolkit_tests.test_public_api_contract" name="test_abi_contract_loading" time="0.010" /><testcase classname="test-suite.src.x86decomp_testkit.toolkit_tests.test_public_api_contract" name="test_analysis_database_complete_public_surface" time="0.086" /><testcase classname="test-suite.src.x86decomp_testkit.toolkit_tests.test_public_api_contract" name="test_angr_public_file_wrappers" time="1.462" /><testcase classname="test-suite.src.x86decomp_testkit.toolkit_tests.test_public_api_contract" name="test_benchmark_metrics_and_runner" time="0.014" /><testcase classname="test-suite.src.x86decomp_testkit.toolkit_tests.test_public_api_contract" name="test_coff_remaining_value_objects_and_writer" time="0.012" /><testcase classname="test-suite.src.x86decomp_testkit.toolkit_tests.test_public_api_contract" name="test_compiler_lab_with_deterministic_fake_compiler" time="0.231" /><testcase classname="test-suite.src.x86decomp_testkit.toolkit_tests.test_public_api_contract" name="test_diff_disassembly_and_crosscheck" time="0.010" /><testcase classname="test-suite.src.x86decomp_testkit.toolkit_tests.test_public_api_contract" name="test_dynamic_file_wrapper_and_spec_loader" time="0.040" /><testcase classname="test-suite.src.x86decomp_testkit.toolkit_tests.test_public_api_contract" name="test_dynamorio_runner_with_fake_subprocess" time="0.063" /><testcase classname="test-suite.src.x86decomp_testkit.toolkit_tests.test_public_api_contract" name="test_model_status_enums_expose_stable_public_values" time="0.008" /><testcase classname="test-suite.src.x86decomp_testkit.toolkit_tests.test_public_api_contract" name="test_evidence_contradiction_require_verified_and_project_memory" time="0.348" /><testcase classname="test-suite.src.x86decomp_testkit.toolkit_tests.test_public_api_contract" name="test_exe_diff_extract_and_compare" time="0.036" /><testcase classname="test-suite.src.x86decomp_testkit.toolkit_tests.test_public_api_contract" name="test_ghidra_run_export_success" time="0.001" /><testcase classname="test-suite.src.x86decomp_testkit.toolkit_tests.test_public_api_contract" name="test_remaining_value_objects_and_peview" time="0.024" /><testcase classname="test-suite.src.x86decomp_testkit.toolkit_tests.test_public_api_contract" name="test_service_create_and_run" time="0.722" /><testcase classname="test-suite.src.x86decomp_testkit.toolkit_tests.test_public_api_contract" name="test_symbolic_clone_and_file_wrapper" time="0.009" /><testcase classname="test-suite.src.x86decomp_testkit.toolkit_tests.test_public_api_contract" name="test_toolchain_snapshot_util_contract_and_workqueue" time="0.458" /><testcase classname="test-suite.src.x86decomp_testkit.toolkit_tests.test_public_api_contract" name="test_cli_main_executes_public_entrypoint" time="4.647" /><testcase classname="test-suite.src.x86decomp_testkit.toolkit_tests.test_public_api_contract" name="test_streamable_http_mcp_public_methods" time="0.002" /><testcase classname="test-suite.src.x86decomp_testkit.toolkit_tests.test_public_api_contract" name="test_private_function_surface_regression" time="0.005" /><testcase classname="test-suite.src.x86decomp_testkit.toolkit_tests.test_public_api_contract" name="test_remaining_current_function_surface" time="0.101" /></testsuite></testsuites>