<?xml version="1.0" encoding="utf-8"?><testsuites name="pytest tests"><testsuite name="pytest" errors="0" failures="0" skipped="0" tests="25" time="1.468" timestamp="2026-07-06T23:39:38.415600-04:00" hostname="DohmBoy64"><testcase classname="tests.test_adapter_capabilities" name="test_lm_studio_http_satisfies_openai_capability_without_product_aliasing" time="0.568" /><testcase classname="tests.test_adapter_capabilities" name="test_non_loopback_http_endpoint_requires_network_opt_in" time="0.002" /><testcase classname="tests.test_adapter_capabilities" name="test_loopback_host_classifier_is_strict" time="0.000" /><testcase classname="tests.test_adapter_detection_resolution" name="test_installed_adapter_never_prompts" time="0.019" /><testcase classname="tests.test_adapter_detection_resolution" name="test_missing_adapter_prompts_custom_path_then_accepts" time="0.027" /><testcase classname="tests.test_adapter_detection_resolution" name="test_missing_noninteractive_is_explicit_unresolved" time="0.015" /><testcase classname="tests.test_adapter_detection_resolution" name="test_environment_and_configured_root_detection" time="0.042" /><testcase classname="tests.test_adapter_detection_resolution" name="test_path_detection_preserves_symlink_argv0" time="0.002" /><testcase classname="tests.test_adapter_detection_resolution" name="test_missing_python_adapter_accepts_custom_interpreter" time="0.255" /><testcase classname="tests.test_architecture_maps" name="test_all_architecture_map_artifacts_exist_and_are_versioned" time="0.001" /><testcase classname="tests.test_architecture_maps" name="test_toolkit_mermaid_and_ascii_maps_cover_same_major_planes_and_states" time="0.002" /><testcase classname="tests.test_architecture_maps" name="test_test_suite_mermaid_and_ascii_maps_cover_same_resolution_and_gate_contract" time="0.002" /><testcase classname="tests.test_architecture_maps" name="test_architecture_map_cross_links_and_ascii_format_contract" time="0.001" /><testcase classname="tests.test_archive_security" name="test_safe_zip_and_tar_extraction" time="0.023" /><testcase classname="tests.test_archive_security" name="test_rejects_traversal_and_links" time="0.018" /><testcase classname="tests.test_archive_security" name="test_release_asset_selection_is_deterministic" time="0.001" /><testcase classname="tests.test_archive_security" name="test_download_file_hash_and_size_limit" time="0.057" /><testcase classname="tests.test_cli_and_installation" name="test_cli_init_config_catalog_and_missing_config" time="0.006" /><testcase classname="tests.test_cli_and_installation" name="test_install_python_command_and_failure" time="0.002" /><testcase classname="tests.test_config_models" name="test_config_roundtrip_and_relative_resolution" time="0.020" /><testcase classname="tests.test_config_models" name="test_status_counts_and_strict_exit_code" time="0.002" /><testcase classname="tests.test_inventory_reports_process" name="test_inventory_catalog_and_public_coverage" time="0.078" /><testcase classname="tests.test_inventory_reports_process" name="test_junit_process_logging_and_reports" time="0.044" /><testcase classname="tests.test_inventory_reports_process" name="test_suite_schemas_and_catalog_are_valid" time="0.072" /><testcase classname="tests.test_inventory_reports_process" name="test_recursive_inventory_includes_capability_packages_and_nested_schemas" time="0.089" /></testsuite></testsuites>